<?xml version="1.0" encoding="UTF-8"?>
<!-- Generated by org.testng.reporters.JUnitXMLReporter -->
<testsuite ignored="0" hostname="LAPTOP-S4SC4N1F" failures="0" tests="6" name="Default test" time="0.451" errors="0" timestamp="2022-10-18T13:09:18 IST">
  <testcase classname="com.kkem.assignment.TestClass_1" name="Fillform" time="0.114"/>
  <testcase classname="com.kkem.assignment.TestClass_1" name="address" time="0.075"/>
  <testcase classname="com.kkem.assignment.TestClass_1" name="eAddress" time="0.067"/>
  <testcase classname="com.kkem.assignment.TestClass_1" name="mobNum" time="0.06"/>
  <testcase classname="com.kkem.assignment.TestClass_1" name="password" time="0.063"/>
  <testcase classname="com.kkem.assignment.TestClass_1" name="submit" time="0.039"/>
</testsuite> <!-- Default test -->
